<?xml version="1.0" encoding="UTF-8"?>
<!-- Generated by org.testng.reporters.JUnitReportReporter -->
<testsuite skipped="0" hostname="AKOURBETIS" name="qaclickacademy.AppTest" tests="1" failures="0" timestamp="07 Φεβ 2019 10:16:05 GMT" time="0.016" errors="0">
  <testcase name="testApp" time="0.016" classname="qaclickacademy.AppTest"/>
</testsuite> <!-- qaclickacademy.AppTest -->
